id	priority	createdTime	startedTime	terminatedTime	cpuTime	blockedTime	turnaroundTime	waitingTime	responseTime
1	0	0	0	12	12	0	12	0	0
2	0	433	433	435	2	0	2	0	0
3	0	465	465	522	35	22	57	22	22
4	0	613	613	642	29	0	29	0	0
5	0	640	642	799	90	67	159	69	69
6	0	926	926	1009	40	41	83	43	41
7	0	992	992	1020	14	0	28	14	0
8	0	1001	1009	1192	100	72	191	91	80
9	0	1149	1155	1294	67	3	145	78	9
11	0	1200	1212	1366	70	17	166	96	29
10	0	1185	1192	1375	66	51	190	124	58
12	0	1379	1379	1381	2	0	2	0	0
13	0	1614	1614	1636	13	9	22	9	9
14	0	1792	1792	1795	3	0	3	0	0
15	0	1954	1954	1989	18	17	35	17	17
17	0	2038	2045	2069	14	10	31	17	17
16	0	2035	2035	2101	50	2	66	16	2
18	0	2206	2206	2233	27	0	27	0	0
19	0	2389	2389	2448	35	24	59	24	24
21	0	2829	2831	2853	12	0	24	12	2
20	0	2821	2821	2884	44	7	63	19	7
22	0	2960	2960	2961	1	0	1	0	0
23	0	3089	3089	3134	14	31	45	31	31
24	0	3170	3170	3272	60	42	102	42	42
26	0	3406	3406	3412	6	0	6	0	0
25	0	3380	3380	3475	64	31	95	31	31
28	0	3555	3557	3587	14	10	32	18	12
27	0	3497	3497	3651	135	9	154	19	9
29	0	3691	3691	3743	36	6	52	16	6
30	0	3723	3726	3767	34	0	44	10	3
0	0	0	0	3767	2660	0	3767	1107	0
